<?xml version="1.0" encoding="UTF-8"?>
<testng-results skipped="0" failed="0" ignored="0" total="0" passed="0">
  <reporter-output>
  </reporter-output>
  <suite name="com.qait.training.ExampleProject.StoryTest" duration-ms="6" started-at="2017-01-29T03:52:00Z" finished-at="2017-01-29T03:52:00Z">
    <groups>
    </groups>
    <test name="Command line test" duration-ms="6" started-at="2017-01-29T03:52:00Z" finished-at="2017-01-29T03:52:00Z">
    </test> <!-- Command line test -->
  </suite> <!-- com.qait.training.ExampleProject.StoryTest -->
</testng-results>
